<?xml version="1.0" encoding="UTF-8"?>
<testng-results skipped="0" failed="0" total="2" passed="2">
  <reporter-output>
  </reporter-output>
  <suite name="Default suite" duration-ms="31" started-at="2018-05-31T03:45:15Z" finished-at="2018-05-31T03:45:15Z">
    <groups>
    </groups>
    <test name="Default test" duration-ms="31" started-at="2018-05-31T03:45:15Z" finished-at="2018-05-31T03:45:15Z">
      <class name="myTest.Test02">
        <test-method status="PASS" signature="login()[pri:0, instance:myTest.Test02@29774679]" name="login" duration-ms="15" started-at="2018-05-31T11:45:15Z" finished-at="2018-05-31T11:45:15Z">
          <reporter-output>
          </reporter-output>
        </test-method> <!-- login -->
      </class> <!-- myTest.Test02 -->
      <class name="myTest.Test01">
        <test-method status="PASS" signature="login()[pri:0, instance:myTest.Test01@3ffc5af1]" name="login" duration-ms="0" started-at="2018-05-31T11:45:15Z" finished-at="2018-05-31T11:45:15Z">
          <reporter-output>
          </reporter-output>
        </test-method> <!-- login -->
        <test-method status="PASS" signature="setUp()[pri:0, instance:myTest.Test01@3ffc5af1]" name="setUp" is-config="true" duration-ms="0" started-at="2018-05-31T11:45:15Z" finished-at="2018-05-31T11:45:15Z">
          <reporter-output>
          </reporter-output>
        </test-method> <!-- setUp -->
      </class> <!-- myTest.Test01 -->
    </test> <!-- Default test -->
  </suite> <!-- Default suite -->
</testng-results>
